<?xml version="1.0" encoding="UTF-8"?>
<!-- Generated by org.testng.reporters.JUnitReportReporter -->
<testsuite hostname="Hero" failures="0" tests="1" name="RunnerClass02.Run03" time="8.232" errors="0" timestamp="2024-04-05T12:41:21 IST" skipped="0">
  <testcase classname="RunnerClass02.Run03" name="runScenario" time="8.232"/>
  <system-out/>
</testsuite> <!-- RunnerClass02.Run03 -->
